<?xml version="1.0" encoding="UTF-8"?>
<testng-results ignored="0" total="1" passed="1" failed="0" skipped="0">
  <reporter-output>
  </reporter-output>
  <suite started-at="2022-03-12T13:22:15 IST" name="Default suite" finished-at="2022-03-12T13:22:15 IST" duration-ms="57">
    <groups>
    </groups>
    <test started-at="2022-03-12T13:22:15 IST" name="Default test" finished-at="2022-03-12T13:22:15 IST" duration-ms="57">
      <class name="demoGit.Demo1">
        <test-method signature="git()[pri:0, instance:demoGit.Demo1@2cd2a21f]" started-at="2022-03-12T13:22:15 IST" name="git" finished-at="2022-03-12T13:22:15 IST" duration-ms="9" status="PASS">
          <reporter-output>
          </reporter-output>
        </test-method> <!-- git -->
      </class> <!-- demoGit.Demo1 -->
    </test> <!-- Default test -->
  </suite> <!-- Default suite -->
</testng-results>
